<?xml version="1.0" encoding="UTF-8"?>
<testsuite xmlns:xsi="http://www.w3.org/2001/XMLSchema-instance" xsi:noNamespaceSchemaLocation="https://maven.apache.org/surefire/maven-surefire-plugin/xsd/surefire-test-report-3.0.xsd" version="3.0" name="TestSuite" time="1.572" tests="3" errors="0" skipped="0" failures="0">
  <properties>
[...]
</properties>
  <testcase name="TC_01" classname="Package1.TestCases" time="0.007"/>
  <testcase name="TC_02" classname="Package1.TestCases" time="0"/>
  <testcase name="TC_03" classname="Package1.TestCases" time="0"/>
</testsuite>